{"/home/abahuguna/alexaReviews/src/constants.js": {"path":"/home/abahuguna/alexaReviews/src/constants.js","statementMap":{"0":{"start":{"line":1,"column":19},"end":{"line":14,"column":1}},"1":{"start":{"line":17,"column":0},"end":{"line":19,"column":1}}},"fnMap":{},"branchMap":{},"s":{"0":2,"1":2},"f":{},"b":{},"_coverageSchema":"1a1c01bbd47fc00a2c39e90264f33305004495a9","hash":"f8b5f2c041dd1377650ab8af262715a6fe7b6197"}
,"/home/abahuguna/alexaReviews/src/db/DAO.js": {"path":"/home/abahuguna/alexaReviews/src/db/DAO.js","statementMap":{"0":{"start":{"line":1,"column":12},"end":{"line":1,"column":34}},"1":{"start":{"line":2,"column":11},"end":{"line":2,"column":24}},"2":{"start":{"line":7,"column":8},"end":{"line":9,"column":9}},"3":{"start":{"line":8,"column":12},"end":{"line":8,"column":57}},"4":{"start":{"line":11,"column":8},"end":{"line":11,"column":33}},"5":{"start":{"line":15,"column":8},"end":{"line":15,"column":51}},"6":{"start":{"line":19,"column":8},"end":{"line":19,"column":65}},"7":{"start":{"line":20,"column":8},"end":{"line":20,"column":51}},"8":{"start":{"line":24,"column":0},"end":{"line":24,"column":20}}},"fnMap":{"0":{"name":"(anonymous_0)","decl":{"start":{"line":6,"column":4},"end":{"line":6,"column":5}},"loc":{"start":{"line":6,"column":26},"end":{"line":12,"column":5}},"line":6},"1":{"name":"(anonymous_1)","decl":{"start":{"line":14,"column":4},"end":{"line":14,"column":5}},"loc":{"start":{"line":14,"column":17},"end":{"line":16,"column":5}},"line":14},"2":{"name":"(anonymous_2)","decl":{"start":{"line":18,"column":4},"end":{"line":18,"column":5}},"loc":{"start":{"line":18,"column":23},"end":{"line":21,"column":5}},"line":18}},"branchMap":{"0":{"loc":{"start":{"line":7,"column":8},"end":{"line":9,"column":9}},"type":"if","locations":[{"start":{"line":7,"column":8},"end":{"line":9,"column":9}},{"start":{},"end":{}}],"line":7}},"s":{"0":4,"1":4,"2":4,"3":1,"4":3,"5":3,"6":0,"7":0,"8":4},"f":{"0":4,"1":3,"2":0},"b":{"0":[1,3]},"_coverageSchema":"1a1c01bbd47fc00a2c39e90264f33305004495a9","hash":"1718954aafb97f3e3680ca4b085aea0d70d21afa"}
,"/home/abahuguna/alexaReviews/src/handlers/reviews.js": {"path":"/home/abahuguna/alexaReviews/src/handlers/reviews.js","statementMap":{"0":{"start":{"line":1,"column":13},"end":{"line":1,"column":28}},"1":{"start":{"line":2,"column":11},"end":{"line":2,"column":31}},"2":{"start":{"line":4,"column":0},"end":{"line":36,"column":2}},"3":{"start":{"line":5,"column":26},"end":{"line":5,"column":64}},"4":{"start":{"line":6,"column":24},"end":{"line":6,"column":52}},"5":{"start":{"line":8,"column":21},"end":{"line":8,"column":72}},"6":{"start":{"line":9,"column":26},"end":{"line":9,"column":78}},"7":{"start":{"line":11,"column":4},"end":{"line":35,"column":6}},"8":{"start":{"line":13,"column":38},"end":{"line":13,"column":51}},"9":{"start":{"line":14,"column":28},"end":{"line":17,"column":14}},"10":{"start":{"line":18,"column":12},"end":{"line":18,"column":27}},"11":{"start":{"line":23,"column":16},"end":{"line":23,"column":69}},"12":{"start":{"line":24,"column":12},"end":{"line":24,"column":27}},"13":{"start":{"line":28,"column":12},"end":{"line":28,"column":61}},"14":{"start":{"line":29,"column":12},"end":{"line":29,"column":29}},"15":{"start":{"line":33,"column":12},"end":{"line":33,"column":66}}},"fnMap":{"0":{"name":"(anonymous_0)","decl":{"start":{"line":4,"column":17},"end":{"line":4,"column":18}},"loc":{"start":{"line":4,"column":23},"end":{"line":36,"column":1}},"line":4},"1":{"name":"(anonymous_1)","decl":{"start":{"line":12,"column":20},"end":{"line":12,"column":21}},"loc":{"start":{"line":12,"column":39},"end":{"line":19,"column":9}},"line":12},"2":{"name":"(anonymous_2)","decl":{"start":{"line":21,"column":34},"end":{"line":21,"column":35}},"loc":{"start":{"line":21,"column":46},"end":{"line":25,"column":9}},"line":21},"3":{"name":"(anonymous_3)","decl":{"start":{"line":27,"column":23},"end":{"line":27,"column":24}},"loc":{"start":{"line":27,"column":38},"end":{"line":30,"column":9}},"line":27},"4":{"name":"(anonymous_4)","decl":{"start":{"line":32,"column":32},"end":{"line":32,"column":33}},"loc":{"start":{"line":32,"column":44},"end":{"line":34,"column":9}},"line":32}},"branchMap":{},"s":{"0":1,"1":1,"2":1,"3":3,"4":3,"5":3,"6":3,"7":3,"8":1,"9":1,"10":1,"11":1,"12":1,"13":0,"14":0,"15":1},"f":{"0":3,"1":1,"2":1,"3":0,"4":1},"b":{},"_coverageSchema":"1a1c01bbd47fc00a2c39e90264f33305004495a9","hash":"6d97aa55587f83629f6b424921359b898e5c02f6"}
,"/home/abahuguna/alexaReviews/src/models/reviews.js": {"path":"/home/abahuguna/alexaReviews/src/models/reviews.js","statementMap":{"0":{"start":{"line":1,"column":11},"end":{"line":1,"column":24}},"1":{"start":{"line":5,"column":8},"end":{"line":5,"column":21}},"2":{"start":{"line":9,"column":8},"end":{"line":12,"column":29}},"3":{"start":{"line":11,"column":27},"end":{"line":11,"column":42}},"4":{"start":{"line":16,"column":21},"end":{"line":16,"column":41}},"5":{"start":{"line":17,"column":8},"end":{"line":17,"column":41}},"6":{"start":{"line":21,"column":29},"end":{"line":21,"column":60}},"7":{"start":{"line":22,"column":21},"end":{"line":22,"column":55}},"8":{"start":{"line":23,"column":8},"end":{"line":23,"column":15}},"9":{"start":{"line":26,"column":0},"end":{"line":26,"column":29}}},"fnMap":{"0":{"name":"(anonymous_0)","decl":{"start":{"line":4,"column":4},"end":{"line":4,"column":5}},"loc":{"start":{"line":4,"column":20},"end":{"line":6,"column":5}},"line":4},"1":{"name":"(anonymous_1)","decl":{"start":{"line":8,"column":4},"end":{"line":8,"column":5}},"loc":{"start":{"line":8,"column":27},"end":{"line":13,"column":5}},"line":8},"2":{"name":"(anonymous_2)","decl":{"start":{"line":11,"column":20},"end":{"line":11,"column":21}},"loc":{"start":{"line":11,"column":27},"end":{"line":11,"column":42}},"line":11},"3":{"name":"(anonymous_3)","decl":{"start":{"line":15,"column":4},"end":{"line":15,"column":5}},"loc":{"start":{"line":15,"column":20},"end":{"line":18,"column":5}},"line":15},"4":{"name":"(anonymous_4)","decl":{"start":{"line":20,"column":4},"end":{"line":20,"column":5}},"loc":{"start":{"line":20,"column":23},"end":{"line":24,"column":5}},"line":20}},"branchMap":{},"s":{"0":3,"1":5,"2":5,"3":18349,"4":5,"5":5,"6":1,"7":1,"8":1,"9":3},"f":{"0":5,"1":5,"2":18349,"3":5,"4":1},"b":{},"_coverageSchema":"1a1c01bbd47fc00a2c39e90264f33305004495a9","hash":"bb635b2ec4312a44be0c7b4bd7efa8717bb274d6"}
,"/home/abahuguna/alexaReviews/src/routes/reviews.js": {"path":"/home/abahuguna/alexaReviews/src/routes/reviews.js","statementMap":{"0":{"start":{"line":1,"column":12},"end":{"line":1,"column":26}},"1":{"start":{"line":2,"column":17},"end":{"line":2,"column":37}},"2":{"start":{"line":4,"column":0},"end":{"line":69,"column":2}},"3":{"start":{"line":6,"column":26},"end":{"line":6,"column":58}},"4":{"start":{"line":7,"column":4},"end":{"line":68,"column":6}}},"fnMap":{"0":{"name":"(anonymous_0)","decl":{"start":{"line":4,"column":17},"end":{"line":4,"column":18}},"loc":{"start":{"line":4,"column":23},"end":{"line":69,"column":1}},"line":4}},"branchMap":{},"s":{"0":1,"1":1,"2":1,"3":3,"4":3},"f":{"0":3},"b":{},"_coverageSchema":"1a1c01bbd47fc00a2c39e90264f33305004495a9","hash":"d38b3889c58ec38774543f2114b539f0d4bceffc"}
,"/home/abahuguna/alexaReviews/src/services/reviews.service.js": {"path":"/home/abahuguna/alexaReviews/src/services/reviews.service.js","statementMap":{"0":{"start":{"line":1,"column":15},"end":{"line":1,"column":32}},"1":{"start":{"line":2,"column":10},"end":{"line":2,"column":27}},"2":{"start":{"line":4,"column":22},"end":{"line":4,"column":45}},"3":{"start":{"line":8,"column":8},"end":{"line":8,"column":27}},"4":{"start":{"line":12,"column":22},"end":{"line":12,"column":48}},"5":{"start":{"line":14,"column":8},"end":{"line":16,"column":9}},"6":{"start":{"line":15,"column":12},"end":{"line":15,"column":75}},"7":{"start":{"line":15,"column":49},"end":{"line":15,"column":73}},"8":{"start":{"line":18,"column":8},"end":{"line":22,"column":9}},"9":{"start":{"line":19,"column":12},"end":{"line":21,"column":14}},"10":{"start":{"line":20,"column":28},"end":{"line":20,"column":58}},"11":{"start":{"line":24,"column":8},"end":{"line":28,"column":9}},"12":{"start":{"line":25,"column":12},"end":{"line":27,"column":14}},"13":{"start":{"line":26,"column":16},"end":{"line":26,"column":50}},"14":{"start":{"line":30,"column":8},"end":{"line":30,"column":23}},"15":{"start":{"line":34,"column":22},"end":{"line":34,"column":48}},"16":{"start":{"line":36,"column":33},"end":{"line":41,"column":9}},"17":{"start":{"line":38,"column":39},"end":{"line":38,"column":74}},"18":{"start":{"line":40,"column":50},"end":{"line":40,"column":76}},"19":{"start":{"line":42,"column":25},"end":{"line":55,"column":9}},"20":{"start":{"line":57,"column":20},"end":{"line":57,"column":35}},"21":{"start":{"line":59,"column":33},"end":{"line":71,"column":13}},"22":{"start":{"line":60,"column":30},"end":{"line":63,"column":13}},"23":{"start":{"line":66,"column":20},"end":{"line":66,"column":74}},"24":{"start":{"line":67,"column":20},"end":{"line":67,"column":31}},"25":{"start":{"line":73,"column":30},"end":{"line":81,"column":19}},"26":{"start":{"line":74,"column":30},"end":{"line":77,"column":13}},"27":{"start":{"line":79,"column":16},"end":{"line":79,"column":70}},"28":{"start":{"line":80,"column":16},"end":{"line":80,"column":27}},"29":{"start":{"line":83,"column":8},"end":{"line":86,"column":9}},"30":{"start":{"line":84,"column":33},"end":{"line":84,"column":71}},"31":{"start":{"line":84,"column":57},"end":{"line":84,"column":67}},"32":{"start":{"line":85,"column":12},"end":{"line":85,"column":58}},"33":{"start":{"line":87,"column":8},"end":{"line":90,"column":9}},"34":{"start":{"line":88,"column":33},"end":{"line":88,"column":71}},"35":{"start":{"line":88,"column":57},"end":{"line":88,"column":67}},"36":{"start":{"line":89,"column":12},"end":{"line":89,"column":55}},"37":{"start":{"line":91,"column":8},"end":{"line":94,"column":10}},"38":{"start":{"line":98,"column":22},"end":{"line":98,"column":48}},"39":{"start":{"line":100,"column":33},"end":{"line":105,"column":9}},"40":{"start":{"line":102,"column":39},"end":{"line":102,"column":74}},"41":{"start":{"line":104,"column":50},"end":{"line":104,"column":76}},"42":{"start":{"line":107,"column":29},"end":{"line":107,"column":61}},"43":{"start":{"line":109,"column":31},"end":{"line":115,"column":9}},"44":{"start":{"line":111,"column":16},"end":{"line":111,"column":35}},"45":{"start":{"line":112,"column":16},"end":{"line":112,"column":27}},"46":{"start":{"line":116,"column":28},"end":{"line":122,"column":9}},"47":{"start":{"line":118,"column":16},"end":{"line":118,"column":35}},"48":{"start":{"line":119,"column":16},"end":{"line":119,"column":27}},"49":{"start":{"line":124,"column":8},"end":{"line":127,"column":10}},"50":{"start":{"line":131,"column":8},"end":{"line":131,"column":56}},"51":{"start":{"line":132,"column":8},"end":{"line":132,"column":45}},"52":{"start":{"line":136,"column":0},"end":{"line":136,"column":31}}},"fnMap":{"0":{"name":"(anonymous_0)","decl":{"start":{"line":7,"column":4},"end":{"line":7,"column":5}},"loc":{"start":{"line":7,"column":23},"end":{"line":9,"column":5}},"line":7},"1":{"name":"(anonymous_1)","decl":{"start":{"line":11,"column":4},"end":{"line":11,"column":5}},"loc":{"start":{"line":11,"column":49},"end":{"line":31,"column":5}},"line":11},"2":{"name":"(anonymous_2)","decl":{"start":{"line":15,"column":37},"end":{"line":15,"column":38}},"loc":{"start":{"line":15,"column":49},"end":{"line":15,"column":73}},"line":15},"3":{"name":"(anonymous_3)","decl":{"start":{"line":20,"column":16},"end":{"line":20,"column":17}},"loc":{"start":{"line":20,"column":28},"end":{"line":20,"column":58}},"line":20},"4":{"name":"(anonymous_4)","decl":{"start":{"line":25,"column":37},"end":{"line":25,"column":38}},"loc":{"start":{"line":26,"column":16},"end":{"line":26,"column":50}},"line":26},"5":{"name":"(anonymous_5)","decl":{"start":{"line":33,"column":4},"end":{"line":33,"column":5}},"loc":{"start":{"line":33,"column":44},"end":{"line":95,"column":5}},"line":33},"6":{"name":"(anonymous_6)","decl":{"start":{"line":38,"column":16},"end":{"line":38,"column":17}},"loc":{"start":{"line":38,"column":39},"end":{"line":38,"column":74}},"line":38},"7":{"name":"(anonymous_7)","decl":{"start":{"line":40,"column":27},"end":{"line":40,"column":28}},"loc":{"start":{"line":40,"column":50},"end":{"line":40,"column":76}},"line":40},"8":{"name":"(anonymous_8)","decl":{"start":{"line":60,"column":17},"end":{"line":60,"column":18}},"loc":{"start":{"line":60,"column":30},"end":{"line":63,"column":13}},"line":60},"9":{"name":"(anonymous_9)","decl":{"start":{"line":65,"column":16},"end":{"line":65,"column":17}},"loc":{"start":{"line":65,"column":31},"end":{"line":68,"column":17}},"line":65},"10":{"name":"(anonymous_10)","decl":{"start":{"line":74,"column":17},"end":{"line":74,"column":18}},"loc":{"start":{"line":74,"column":30},"end":{"line":77,"column":13}},"line":74},"11":{"name":"(anonymous_11)","decl":{"start":{"line":78,"column":20},"end":{"line":78,"column":21}},"loc":{"start":{"line":78,"column":35},"end":{"line":81,"column":13}},"line":78},"12":{"name":"(anonymous_12)","decl":{"start":{"line":84,"column":42},"end":{"line":84,"column":43}},"loc":{"start":{"line":84,"column":57},"end":{"line":84,"column":67}},"line":84},"13":{"name":"(anonymous_13)","decl":{"start":{"line":88,"column":42},"end":{"line":88,"column":43}},"loc":{"start":{"line":88,"column":57},"end":{"line":88,"column":67}},"line":88},"14":{"name":"(anonymous_14)","decl":{"start":{"line":97,"column":4},"end":{"line":97,"column":5}},"loc":{"start":{"line":97,"column":37},"end":{"line":128,"column":5}},"line":97},"15":{"name":"(anonymous_15)","decl":{"start":{"line":102,"column":16},"end":{"line":102,"column":17}},"loc":{"start":{"line":102,"column":39},"end":{"line":102,"column":74}},"line":102},"16":{"name":"(anonymous_16)","decl":{"start":{"line":104,"column":27},"end":{"line":104,"column":28}},"loc":{"start":{"line":104,"column":50},"end":{"line":104,"column":76}},"line":104},"17":{"name":"(anonymous_17)","decl":{"start":{"line":110,"column":12},"end":{"line":110,"column":13}},"loc":{"start":{"line":110,"column":27},"end":{"line":113,"column":13}},"line":110},"18":{"name":"(anonymous_18)","decl":{"start":{"line":117,"column":12},"end":{"line":117,"column":13}},"loc":{"start":{"line":117,"column":27},"end":{"line":120,"column":13}},"line":117},"19":{"name":"(anonymous_19)","decl":{"start":{"line":130,"column":4},"end":{"line":130,"column":5}},"loc":{"start":{"line":130,"column":34},"end":{"line":133,"column":5}},"line":130}},"branchMap":{"0":{"loc":{"start":{"line":14,"column":8},"end":{"line":16,"column":9}},"type":"if","locations":[{"start":{"line":14,"column":8},"end":{"line":16,"column":9}},{"start":{},"end":{}}],"line":14},"1":{"loc":{"start":{"line":18,"column":8},"end":{"line":22,"column":9}},"type":"if","locations":[{"start":{"line":18,"column":8},"end":{"line":22,"column":9}},{"start":{},"end":{}}],"line":18},"2":{"loc":{"start":{"line":24,"column":8},"end":{"line":28,"column":9}},"type":"if","locations":[{"start":{"line":24,"column":8},"end":{"line":28,"column":9}},{"start":{},"end":{}}],"line":24}},"s":{"0":2,"1":2,"2":2,"3":7,"4":3,"5":3,"6":0,"7":0,"8":3,"9":0,"10":0,"11":3,"12":0,"13":0,"14":3,"15":2,"16":2,"17":6119,"18":6119,"19":2,"20":2,"21":2,"22":5241,"23":5241,"24":5241,"25":2,"26":878,"27":878,"28":878,"29":2,"30":24,"31":5241,"32":24,"33":2,"34":24,"35":878,"36":24,"37":2,"38":2,"39":2,"40":6119,"41":6119,"42":2,"43":2,"44":5241,"45":5241,"46":2,"47":878,"48":878,"49":2,"50":1,"51":1,"52":2},"f":{"0":7,"1":3,"2":0,"3":0,"4":0,"5":2,"6":6119,"7":6119,"8":5241,"9":5241,"10":878,"11":878,"12":5241,"13":878,"14":2,"15":6119,"16":6119,"17":5241,"18":878,"19":1},"b":{"0":[0,3],"1":[0,3],"2":[0,3]},"_coverageSchema":"1a1c01bbd47fc00a2c39e90264f33305004495a9","hash":"f586d15340323fff8f216f85ce7500ecc3303379"}
}
