TN:
SF:src/constants.js
FNF:0
FNH:0
DA:1,2
DA:17,2
LF:2
LH:2
BRF:0
BRH:0
end_of_record
TN:
SF:src/db/DAO.js
FN:6,(anonymous_0)
FN:14,(anonymous_1)
FN:18,(anonymous_2)
FNF:3
FNH:2
FNDA:4,(anonymous_0)
FNDA:3,(anonymous_1)
FNDA:0,(anonymous_2)
DA:1,4
DA:2,4
DA:7,4
DA:8,1
DA:11,3
DA:15,3
DA:19,0
DA:20,0
DA:24,4
LF:9
LH:7
BRDA:7,0,0,1
BRDA:7,0,1,3
BRF:2
BRH:2
end_of_record
TN:
SF:src/handlers/reviews.js
FN:4,(anonymous_0)
FN:12,(anonymous_1)
FN:21,(anonymous_2)
FN:27,(anonymous_3)
FN:32,(anonymous_4)
FNF:5
FNH:4
FNDA:3,(anonymous_0)
FNDA:1,(anonymous_1)
FNDA:1,(anonymous_2)
FNDA:0,(anonymous_3)
FNDA:1,(anonymous_4)
DA:1,1
DA:2,1
DA:4,1
DA:5,3
DA:6,3
DA:8,3
DA:9,3
DA:11,3
DA:13,1
DA:14,1
DA:18,1
DA:23,1
DA:24,1
DA:28,0
DA:29,0
DA:33,1
LF:16
LH:14
BRF:0
BRH:0
end_of_record
TN:
SF:src/models/reviews.js
FN:4,(anonymous_0)
FN:8,(anonymous_1)
FN:11,(anonymous_2)
FN:15,(anonymous_3)
FN:20,(anonymous_4)
FNF:5
FNH:5
FNDA:5,(anonymous_0)
FNDA:5,(anonymous_1)
FNDA:18349,(anonymous_2)
FNDA:5,(anonymous_3)
FNDA:1,(anonymous_4)
DA:1,3
DA:5,5
DA:9,5
DA:11,18349
DA:16,5
DA:17,5
DA:21,1
DA:22,1
DA:23,1
DA:26,3
LF:10
LH:10
BRF:0
BRH:0
end_of_record
TN:
SF:src/routes/reviews.js
FN:4,(anonymous_0)
FNF:1
FNH:1
FNDA:3,(anonymous_0)
DA:1,1
DA:2,1
DA:4,1
DA:6,3
DA:7,3
LF:5
LH:5
BRF:0
BRH:0
end_of_record
TN:
SF:src/services/reviews.service.js
FN:7,(anonymous_0)
FN:11,(anonymous_1)
FN:15,(anonymous_2)
FN:20,(anonymous_3)
FN:25,(anonymous_4)
FN:33,(anonymous_5)
FN:38,(anonymous_6)
FN:40,(anonymous_7)
FN:60,(anonymous_8)
FN:65,(anonymous_9)
FN:74,(anonymous_10)
FN:78,(anonymous_11)
FN:84,(anonymous_12)
FN:88,(anonymous_13)
FN:97,(anonymous_14)
FN:102,(anonymous_15)
FN:104,(anonymous_16)
FN:110,(anonymous_17)
FN:117,(anonymous_18)
FN:130,(anonymous_19)
FNF:20
FNH:17
FNDA:7,(anonymous_0)
FNDA:3,(anonymous_1)
FNDA:0,(anonymous_2)
FNDA:0,(anonymous_3)
FNDA:0,(anonymous_4)
FNDA:2,(anonymous_5)
FNDA:6119,(anonymous_6)
FNDA:6119,(anonymous_7)
FNDA:5241,(anonymous_8)
FNDA:5241,(anonymous_9)
FNDA:878,(anonymous_10)
FNDA:878,(anonymous_11)
FNDA:5241,(anonymous_12)
FNDA:878,(anonymous_13)
FNDA:2,(anonymous_14)
FNDA:6119,(anonymous_15)
FNDA:6119,(anonymous_16)
FNDA:5241,(anonymous_17)
FNDA:878,(anonymous_18)
FNDA:1,(anonymous_19)
DA:1,2
DA:2,2
DA:4,2
DA:8,7
DA:12,3
DA:14,3
DA:15,0
DA:18,3
DA:19,0
DA:20,0
DA:24,3
DA:25,0
DA:26,0
DA:30,3
DA:34,2
DA:36,2
DA:38,6119
DA:40,6119
DA:42,2
DA:57,2
DA:59,2
DA:60,5241
DA:66,5241
DA:67,5241
DA:73,2
DA:74,878
DA:79,878
DA:80,878
DA:83,2
DA:84,5241
DA:85,24
DA:87,2
DA:88,878
DA:89,24
DA:91,2
DA:98,2
DA:100,2
DA:102,6119
DA:104,6119
DA:107,2
DA:109,2
DA:111,5241
DA:112,5241
DA:116,2
DA:118,878
DA:119,878
DA:124,2
DA:131,1
DA:132,1
DA:136,2
LF:50
LH:45
BRDA:14,0,0,0
BRDA:14,0,1,3
BRDA:18,1,0,0
BRDA:18,1,1,3
BRDA:24,2,0,0
BRDA:24,2,1,3
BRF:6
BRH:3
end_of_record
